[2022-07-06T19:58:06.669] [INFO] info - **数据库链接成功**
[2022-07-06T19:58:18.263] [INFO] info - get params:{}
[2022-07-06T19:58:18.264] [INFO] info - post params:{"userName":"123456","userPwd":"123456"}
[2022-07-06T19:58:25.356] [INFO] info - get params:{}
[2022-07-06T19:58:25.358] [INFO] info - post params:{"userName":"admin","userPwd":"123456"}
[2022-07-06T19:58:32.957] [INFO] info - **数据库链接成功**
[2022-07-06T19:58:39.344] [INFO] info - get params:{}
[2022-07-06T19:58:39.345] [INFO] info - post params:{}
[2022-07-07T10:18:48.996] [INFO] info - **数据库链接成功**
[2022-07-07T10:19:09.868] [INFO] info - **数据库链接成功**
[2022-07-07T10:19:10.817] [INFO] info - get params:{}
[2022-07-07T10:19:10.818] [INFO] info - post params:{"userName":"admin","userPwd":"123456"}
[2022-07-08T00:16:15.108] [INFO] info - **数据库链接成功**
[2022-07-08T00:16:18.803] [INFO] info - get params:{}
[2022-07-08T00:16:18.816] [INFO] info - post params:{"userName":"admin","userPwd":"admin"}
[2022-07-08T00:16:19.359] [INFO] info - get params:{}
[2022-07-08T00:16:19.362] [INFO] info - post params:{}
[2022-07-08T00:16:19.654] [INFO] info - get params:{}
[2022-07-08T00:16:19.655] [INFO] info - post params:{}
[2022-07-08T00:18:41.885] [INFO] info - **数据库链接成功**
[2022-07-08T00:18:45.014] [INFO] info - get params:{}
[2022-07-08T00:18:45.017] [INFO] info - post params:{}
[2022-07-08T00:18:45.060] [INFO] info - get params:{}
[2022-07-08T00:18:45.070] [INFO] info - post params:{}
[2022-07-08T00:18:58.804] [INFO] info - get params:{}
[2022-07-08T00:18:58.805] [INFO] info - post params:{"userName":"admin","userPwd":"admin"}
[2022-07-08T00:18:59.166] [INFO] info - get params:{}
[2022-07-08T00:18:59.168] [INFO] info - post params:{}
[2022-07-08T00:18:59.252] [INFO] info - get params:{}
[2022-07-08T00:18:59.254] [INFO] info - post params:{}
[2022-07-08T00:20:44.721] [INFO] info - **数据库链接成功**
[2022-07-08T00:21:19.708] [INFO] info - **数据库链接成功**
[2022-07-08T00:22:18.061] [INFO] info - **数据库链接成功**
[2022-07-08T00:22:49.196] [INFO] info - get params:{}
[2022-07-08T00:22:49.198] [INFO] info - post params:{"userName":"admin","userPwd":"admin"}
[2022-07-08T00:22:49.368] [INFO] info - get params:{}
[2022-07-08T00:22:49.370] [INFO] info - post params:{}
[2022-07-08T00:22:49.580] [INFO] info - get params:{}
[2022-07-08T00:22:49.581] [INFO] info - post params:{}
[2022-07-08T00:26:44.703] [INFO] info - **数据库链接成功**
[2022-07-08T00:26:50.305] [INFO] info - **数据库链接成功**
[2022-07-08T00:27:01.160] [INFO] info - get params:{}
[2022-07-08T00:27:01.164] [INFO] info - post params:{}
[2022-07-08T00:27:01.222] [INFO] info - get params:{}
[2022-07-08T00:27:01.230] [INFO] info - post params:{}
[2022-07-08T00:28:15.178] [INFO] info - **数据库链接成功**
[2022-07-08T00:32:29.421] [INFO] info - get params:{}
[2022-07-08T00:32:29.425] [INFO] info - post params:{}
[2022-07-08T00:32:30.439] [INFO] info - get params:{}
[2022-07-08T00:32:30.440] [INFO] info - post params:{}
[2022-07-08T00:33:09.893] [INFO] info - get params:{}
[2022-07-08T00:33:09.896] [INFO] info - post params:{}
[2022-07-08T00:35:18.203] [INFO] info - **数据库链接成功**
[2022-07-08T00:35:55.392] [INFO] info - get params:{}
[2022-07-08T00:35:55.396] [INFO] info - post params:{}
[2022-07-08T00:35:55.488] [INFO] info - get params:{}
[2022-07-08T00:35:55.489] [INFO] info - post params:{}
[2022-07-08T00:36:08.235] [INFO] info - **数据库链接成功**
[2022-07-08T00:36:14.349] [INFO] info - **数据库链接成功**
[2022-07-08T00:36:21.615] [INFO] info - **数据库链接成功**
[2022-07-08T00:36:52.980] [INFO] info - **数据库链接成功**
[2022-07-08T00:36:55.833] [INFO] info - get params:{}
[2022-07-08T00:36:55.837] [INFO] info - post params:{}
[2022-07-08T00:37:45.657] [INFO] info - **数据库链接成功**
[2022-07-08T00:37:57.032] [INFO] info - **数据库链接成功**
[2022-07-08T00:38:02.634] [INFO] info - **数据库链接成功**
[2022-07-08T00:38:07.534] [INFO] info - **数据库链接成功**
[2022-07-08T00:38:13.138] [INFO] info - get params:{}
[2022-07-08T00:38:13.139] [INFO] info - post params:{}
[2022-07-08T00:39:02.047] [INFO] info - **数据库链接成功**
[2022-07-08T00:39:04.825] [INFO] info - get params:{}
[2022-07-08T00:39:04.828] [INFO] info - post params:{}
[2022-07-08T00:39:31.183] [INFO] info - **数据库链接成功**
[2022-07-08T00:39:35.061] [INFO] info - get params:{}
[2022-07-08T00:39:35.065] [INFO] info - post params:{}
[2022-07-08T00:39:51.389] [INFO] info - **数据库链接成功**
